2019-04-16 09:57:23,517 [INFO] [main] com.framework.AdminApplication [Jdk14Logger.java : 99] Starting AdminApplication on Suomi的小新700 with PID 9448 (C:\IDE\ideawork\universal-framework\framework-admin\target\classes started by suomi in C:\IDE\ideawork\universal-framework)
2019-04-16 09:57:23,523 [INFO] [main] com.framework.AdminApplication [Jdk14Logger.java : 99] The following profiles are active: dev
2019-04-16 09:57:39,353 [WARN] [main] org.springframework.data.convert.CustomConversions [CustomConversions.java : 216] Registering converter from class org.joda.time.LocalDateTime to class java.time.LocalDateTime as reading converter although it doesn't convert from a store-supported type! You might wanna check you annotation setup at the converter implementation.
2019-04-16 09:57:39,405 [WARN] [main] org.springframework.data.convert.CustomConversions [CustomConversions.java : 216] Registering converter from class org.joda.time.LocalDateTime to class java.time.LocalDateTime as reading converter although it doesn't convert from a store-supported type! You might wanna check you annotation setup at the converter implementation.
2019-04-16 09:57:39,472 [WARN] [main] org.springframework.data.convert.CustomConversions [CustomConversions.java : 216] Registering converter from class org.joda.time.LocalDateTime to class java.time.LocalDateTime as reading converter although it doesn't convert from a store-supported type! You might wanna check you annotation setup at the converter implementation.
2019-04-16 09:57:43,301 [INFO] [main] com.framework.AdminApplication [Jdk14Logger.java : 99] Started AdminApplication in 21.327 seconds (JVM running for 28.854)
2019-04-16 10:00:00,038 [INFO] [FrameworkScheduler_Worker-1] com.framework.modules.job.utils.ScheduleJob [ScheduleJob.java : 47] 任务准备执行，任务ID：1
2019-04-16 10:00:00,046 [INFO] [pool-1-thread-1] com.framework.modules.job.task.TestTask [TestTask.java : 23] 我是带参数的test方法，正在被执行，参数为：framework
2019-04-16 10:00:01,083 [INFO] [FrameworkScheduler_Worker-1] com.framework.modules.job.utils.ScheduleJob [ScheduleJob.java : 59] 任务执行完毕，任务ID：1  总共耗时：1045毫秒
2019-04-16 10:26:08,528 [INFO] [main] com.framework.AdminApplication [Jdk14Logger.java : 99] Starting AdminApplication on Suomi的小新700 with PID 19056 (C:\IDE\ideawork\universal-framework\framework-admin\target\classes started by suomi in C:\IDE\ideawork\universal-framework)
2019-04-16 10:26:08,533 [INFO] [main] com.framework.AdminApplication [Jdk14Logger.java : 99] The following profiles are active: dev
2019-04-16 10:26:21,133 [WARN] [main] org.springframework.data.convert.CustomConversions [CustomConversions.java : 216] Registering converter from class org.joda.time.LocalDateTime to class java.time.LocalDateTime as reading converter although it doesn't convert from a store-supported type! You might wanna check you annotation setup at the converter implementation.
2019-04-16 10:26:21,167 [WARN] [main] org.springframework.data.convert.CustomConversions [CustomConversions.java : 216] Registering converter from class org.joda.time.LocalDateTime to class java.time.LocalDateTime as reading converter although it doesn't convert from a store-supported type! You might wanna check you annotation setup at the converter implementation.
2019-04-16 10:26:21,190 [WARN] [main] org.springframework.data.convert.CustomConversions [CustomConversions.java : 216] Registering converter from class org.joda.time.LocalDateTime to class java.time.LocalDateTime as reading converter although it doesn't convert from a store-supported type! You might wanna check you annotation setup at the converter implementation.
2019-04-16 10:26:22,322 [INFO] [main] com.framework.AdminApplication [Jdk14Logger.java : 99] Started AdminApplication in 15.364 seconds (JVM running for 18.584)
2019-04-16 10:30:00,024 [INFO] [FrameworkScheduler_Worker-1] com.framework.modules.job.utils.ScheduleJob [ScheduleJob.java : 47] 任务准备执行，任务ID：1
2019-04-16 10:30:00,030 [INFO] [pool-1-thread-1] com.framework.modules.job.task.TestTask [TestTask.java : 23] 我是带参数的test方法，正在被执行，参数为：framework
2019-04-16 10:30:01,061 [INFO] [FrameworkScheduler_Worker-1] com.framework.modules.job.utils.ScheduleJob [ScheduleJob.java : 59] 任务执行完毕，任务ID：1  总共耗时：1037毫秒
2019-04-16 10:54:23,865 [INFO] [main] com.framework.AdminApplication [Jdk14Logger.java : 99] Starting AdminApplication on Suomi的小新700 with PID 3520 (C:\IDE\ideawork\universal-framework\framework-admin\target\classes started by suomi in C:\IDE\ideawork\universal-framework)
2019-04-16 10:54:23,876 [INFO] [main] com.framework.AdminApplication [Jdk14Logger.java : 99] The following profiles are active: dev
2019-04-16 10:54:36,380 [WARN] [main] org.springframework.data.convert.CustomConversions [CustomConversions.java : 216] Registering converter from class org.joda.time.LocalDateTime to class java.time.LocalDateTime as reading converter although it doesn't convert from a store-supported type! You might wanna check you annotation setup at the converter implementation.
2019-04-16 10:54:36,417 [WARN] [main] org.springframework.data.convert.CustomConversions [CustomConversions.java : 216] Registering converter from class org.joda.time.LocalDateTime to class java.time.LocalDateTime as reading converter although it doesn't convert from a store-supported type! You might wanna check you annotation setup at the converter implementation.
2019-04-16 10:54:36,444 [WARN] [main] org.springframework.data.convert.CustomConversions [CustomConversions.java : 216] Registering converter from class org.joda.time.LocalDateTime to class java.time.LocalDateTime as reading converter although it doesn't convert from a store-supported type! You might wanna check you annotation setup at the converter implementation.
2019-04-16 10:54:37,715 [INFO] [main] com.framework.AdminApplication [Jdk14Logger.java : 99] Started AdminApplication in 15.641 seconds (JVM running for 18.659)
2019-04-16 10:55:56,013 [INFO] [FrameworkScheduler_Worker-1] com.framework.modules.job.utils.ScheduleJob [ScheduleJob.java : 47] 任务准备执行，任务ID：1
2019-04-16 10:55:56,016 [INFO] [pool-1-thread-1] com.framework.modules.job.task.TestTask [TestTask.java : 23] 我是带参数的test方法，正在被执行，参数为：framework
2019-04-16 10:55:57,031 [INFO] [FrameworkScheduler_Worker-1] com.framework.modules.job.utils.ScheduleJob [ScheduleJob.java : 59] 任务执行完毕，任务ID：1  总共耗时：1018毫秒
2019-04-16 10:56:02,984 [INFO] [FrameworkScheduler_Worker-2] com.framework.modules.job.utils.ScheduleJob [ScheduleJob.java : 47] 任务准备执行，任务ID：2
2019-04-16 10:56:02,986 [INFO] [pool-2-thread-1] com.framework.modules.job.task.TestTask [TestTask.java : 37] 我是不带参数的test2方法，正在被执行
2019-04-16 10:56:02,986 [INFO] [FrameworkScheduler_Worker-2] com.framework.modules.job.utils.ScheduleJob [ScheduleJob.java : 59] 任务执行完毕，任务ID：2  总共耗时：2毫秒
2019-04-16 10:58:46,308 [INFO] [main] com.framework.AdminApplication [Jdk14Logger.java : 99] Starting AdminApplication on Suomi的小新700 with PID 9388 (C:\IDE\ideawork\universal-framework\framework-admin\target\classes started by suomi in C:\IDE\ideawork\universal-framework)
2019-04-16 10:58:46,381 [INFO] [main] com.framework.AdminApplication [Jdk14Logger.java : 99] The following profiles are active: dev
2019-04-16 10:59:02,416 [WARN] [main] org.springframework.data.convert.CustomConversions [CustomConversions.java : 216] Registering converter from class org.joda.time.LocalDateTime to class java.time.LocalDateTime as reading converter although it doesn't convert from a store-supported type! You might wanna check you annotation setup at the converter implementation.
2019-04-16 10:59:02,500 [WARN] [main] org.springframework.data.convert.CustomConversions [CustomConversions.java : 216] Registering converter from class org.joda.time.LocalDateTime to class java.time.LocalDateTime as reading converter although it doesn't convert from a store-supported type! You might wanna check you annotation setup at the converter implementation.
2019-04-16 10:59:02,538 [WARN] [main] org.springframework.data.convert.CustomConversions [CustomConversions.java : 216] Registering converter from class org.joda.time.LocalDateTime to class java.time.LocalDateTime as reading converter although it doesn't convert from a store-supported type! You might wanna check you annotation setup at the converter implementation.
2019-04-16 10:59:04,266 [INFO] [main] com.framework.AdminApplication [Jdk14Logger.java : 99] Started AdminApplication in 19.633 seconds (JVM running for 21.91)
2019-04-16 11:00:00,037 [INFO] [FrameworkScheduler_Worker-1] com.framework.modules.job.utils.ScheduleJob [ScheduleJob.java : 47] 任务准备执行，任务ID：1
2019-04-16 11:00:00,040 [INFO] [pool-1-thread-1] com.framework.modules.job.task.TestTask [TestTask.java : 23] 我是带参数的test方法，正在被执行，参数为：framework
2019-04-16 11:00:01,084 [INFO] [FrameworkScheduler_Worker-1] com.framework.modules.job.utils.ScheduleJob [ScheduleJob.java : 59] 任务执行完毕，任务ID：1  总共耗时：1048毫秒
2019-04-16 11:30:00,016 [INFO] [FrameworkScheduler_Worker-2] com.framework.modules.job.utils.ScheduleJob [ScheduleJob.java : 47] 任务准备执行，任务ID：1
2019-04-16 11:30:00,018 [INFO] [pool-2-thread-1] com.framework.modules.job.task.TestTask [TestTask.java : 23] 我是带参数的test方法，正在被执行，参数为：framework
2019-04-16 11:30:01,024 [INFO] [FrameworkScheduler_Worker-2] com.framework.modules.job.utils.ScheduleJob [ScheduleJob.java : 59] 任务执行完毕，任务ID：1  总共耗时：1008毫秒
2019-04-16 12:00:00,013 [INFO] [FrameworkScheduler_Worker-3] com.framework.modules.job.utils.ScheduleJob [ScheduleJob.java : 47] 任务准备执行，任务ID：1
2019-04-16 12:00:00,105 [INFO] [pool-3-thread-1] com.framework.modules.job.task.TestTask [TestTask.java : 23] 我是带参数的test方法，正在被执行，参数为：framework
2019-04-16 12:00:01,107 [INFO] [FrameworkScheduler_Worker-3] com.framework.modules.job.utils.ScheduleJob [ScheduleJob.java : 59] 任务执行完毕，任务ID：1  总共耗时：1094毫秒
2019-04-16 12:30:00,013 [INFO] [FrameworkScheduler_Worker-4] com.framework.modules.job.utils.ScheduleJob [ScheduleJob.java : 47] 任务准备执行，任务ID：1
2019-04-16 12:30:00,015 [INFO] [pool-4-thread-1] com.framework.modules.job.task.TestTask [TestTask.java : 23] 我是带参数的test方法，正在被执行，参数为：framework
2019-04-16 12:30:01,019 [INFO] [FrameworkScheduler_Worker-4] com.framework.modules.job.utils.ScheduleJob [ScheduleJob.java : 59] 任务执行完毕，任务ID：1  总共耗时：1006毫秒
